<?xml version="1.0" encoding="UTF-8"?>
<testsuite name="org.hyperledger.fabric.samples.assettransfer.AssetTransferTest$InvokeReadAssetTransaction" tests="2" skipped="0" failures="0" errors="0" timestamp="2022-01-03T13:24:52" hostname="DESKTOP-J2DSCI9" time="0.006">
  <properties/>
  <testcase name="whenAssetExists()" classname="org.hyperledger.fabric.samples.assettransfer.AssetTransferTest$InvokeReadAssetTransaction" time="0.002"/>
  <testcase name="whenAssetDoesNotExist()" classname="org.hyperledger.fabric.samples.assettransfer.AssetTransferTest$InvokeReadAssetTransaction" time="0.003"/>
  <system-out><![CDATA[Asset asset1 does not exist
]]></system-out>
  <system-err><![CDATA[]]></system-err>
</testsuite>
