<?xml version="1.0" encoding="UTF-8"?>
<testsuite name="org.hyperledger.fabric.samples.assettransfer.AssetTest$Equality" tests="6" skipped="0" failures="0" errors="0" timestamp="2022-01-03T13:24:50" hostname="DESKTOP-J2DSCI9" time="0.015">
  <properties/>
  <testcase name="handlesOtherObjects()" classname="org.hyperledger.fabric.samples.assettransfer.AssetTest$Equality" time="0.005"/>
  <testcase name="isReflexive()" classname="org.hyperledger.fabric.samples.assettransfer.AssetTest$Equality" time="0.0"/>
  <testcase name="isTransitive()" classname="org.hyperledger.fabric.samples.assettransfer.AssetTest$Equality" time="0.0"/>
  <testcase name="handlesInequality()" classname="org.hyperledger.fabric.samples.assettransfer.AssetTest$Equality" time="0.0"/>
  <testcase name="isSymmetric()" classname="org.hyperledger.fabric.samples.assettransfer.AssetTest$Equality" time="0.001"/>
  <testcase name="handlesNull()" classname="org.hyperledger.fabric.samples.assettransfer.AssetTest$Equality" time="0.001"/>
  <system-out><![CDATA[]]></system-out>
  <system-err><![CDATA[]]></system-err>
</testsuite>
