<?xml version="1.0" encoding="UTF-8"?>
<testsuite name="org.hyperledger.fabric.samples.assettransfer.LoanTransferTest$InvokeCreateLoanTransaction" tests="2" skipped="0" failures="0" errors="0" timestamp="2022-01-03T14:54:13" hostname="DESKTOP-J2DSCI9" time="0.004">
  <properties/>
  <testcase name="whenLoanExists()" classname="org.hyperledger.fabric.samples.assettransfer.LoanTransferTest$InvokeCreateLoanTransaction" time="0.002"/>
  <testcase name="whenLoanDoesNotExist()" classname="org.hyperledger.fabric.samples.assettransfer.LoanTransferTest$InvokeCreateLoanTransaction" time="0.001"/>
  <system-out><![CDATA[Asset asset1 already exists
]]></system-out>
  <system-err><![CDATA[]]></system-err>
</testsuite>
